Time: Thu Sep  8 15:05:57 2016
IP: 127.0.0.1
Port: 44632
Data: 
==================================================

Time: Thu Sep  8 15:05:58 2016
IP: 127.0.0.1
Port: 46646
Data: 
==================================================

Time: Thu Sep  8 15:06:15 2016
IP: 127.0.0.1
Port: 48612
Data: 
==================================================

Time: Thu Sep  8 15:06:16 2016
IP: 127.0.0.1
Port: 50618
Data: 
==================================================

Time: Thu Sep  8 15:06:17 2016
IP: 127.0.0.1
Port: 52648
Data: 
==================================================

Time: Thu Sep  8 15:06:17 2016
IP: 127.0.0.1
Port: 54658
Data: 
==================================================

Time: Thu Sep  8 15:06:17 2016
IP: 127.0.0.1
Port: 56666
Data: 
==================================================

Time: Thu Sep  8 15:06:18 2016
IP: 127.0.0.1
Port: 58648
Data: 
==================================================

Time: Thu Sep  8 15:06:30 2016
IP: 127.0.0.1
Port: 60630
Data: 
==================================================

Time: Thu Sep  8 15:07:54 2016
IP: 127.0.0.1
Port: 34480
Data: 
==================================================

Time: Thu Sep  8 15:07:56 2016
IP: 127.0.0.1
Port: 36472
Data: 
==================================================

Time: Thu Sep  8 15:07:57 2016
IP: 127.0.0.1
Port: 38536
Data: 
==================================================

Time: Thu Sep  8 15:07:57 2016
IP: 127.0.0.1
Port: 40546
Data: 
==================================================

Time: Thu Sep  8 15:07:57 2016
IP: 127.0.0.1
Port: 42576
Data: 
==================================================

Time: Thu Sep  8 15:07:58 2016
IP: 127.0.0.1
Port: 44580
Data: 
==================================================

Time: Thu Sep  8 15:08:05 2016
IP: 127.0.0.1
Port: 46582
Data: 
==================================================

Time: Thu Sep  8 15:10:42 2016
IP: 127.0.0.1
Port: 48668
Data: 
==================================================

Time: Thu Sep  8 15:10:43 2016
IP: 127.0.0.1
Port: 50632
Data: 
==================================================

Time: Thu Sep  8 15:51:47 2016
IP: 127.0.0.1
Port: 60642
Data: 
==================================================

Time: Thu Sep  8 15:55:02 2016
IP: 127.0.0.1
Port: 34230
Data: 
==================================================

Time: Thu Sep  8 15:57:15 2016
IP: 127.0.0.1
Port: 36144
Data: 
==================================================

Time: Thu Sep  8 16:09:53 2016
IP: 127.0.0.1
Port: 49466
Data: 
==================================================

Time: Thu Sep  8 16:12:05 2016
IP: 127.0.0.1
Port: 51472
Data: 
==================================================

Time: Thu Sep  8 16:14:14 2016
IP: 127.0.0.1
Port: 53482
Data: ÿôÿý
==================================================

Time: Tue Sep 13 11:37:01 2016
IP: 127.0.0.1
Port: 47174
Data: 
==================================================

